2025-09-04 02:02:37 [main] INFO  c.t.m.customer.CustomerApplication - Starting CustomerApplication using Java 24.0.2 with PID 4408 (D:\java-ecommerce\microservices\customer\target\classes started by gianmarcoCossio in D:\java-ecommerce\microservices\customer)
2025-09-04 02:02:37 [main] INFO  c.t.m.customer.CustomerApplication - No active profile set, falling back to 1 default profile: "default"
2025-09-04 02:02:37 [main] INFO  o.s.c.c.c.ConfigServerConfigDataLoader - Fetching config from server at : http://localhost:8888
2025-09-04 02:02:37 [main] INFO  o.s.c.c.c.ConfigServerConfigDataLoader - Located environment: name=customer, profiles=[default], label=null, version=null, state=null
2025-09-04 02:02:39 [main] INFO  o.s.d.r.c.RepositoryConfigurationDelegate - Bootstrapping Spring Data MongoDB repositories in DEFAULT mode.
2025-09-04 02:02:39 [main] INFO  o.s.d.r.c.RepositoryConfigurationDelegate - Finished Spring Data repository scanning in 435 ms. Found 1 MongoDB repository interface.
2025-09-04 02:02:40 [main] INFO  o.s.cloud.context.scope.GenericScope - BeanFactory id=d3e8dbcf-4f42-303a-a73a-f2179c1abb07
2025-09-04 02:02:41 [main] INFO  o.s.b.w.e.tomcat.TomcatWebServer - Tomcat initialized with port 8091 (http)
2025-09-04 02:02:41 [main] INFO  o.a.catalina.core.StandardService - Starting service [Tomcat]
2025-09-04 02:02:41 [main] INFO  o.a.catalina.core.StandardEngine - Starting Servlet engine: [Apache Tomcat/10.1.44]
2025-09-04 02:02:41 [main] INFO  o.a.c.c.C.[Tomcat].[localhost].[/] - Initializing Spring embedded WebApplicationContext
2025-09-04 02:02:41 [main] INFO  o.s.b.w.s.c.ServletWebServerApplicationContext - Root WebApplicationContext: initialization completed in 3377 ms
2025-09-04 02:02:41 [main] INFO  org.mongodb.driver.client - MongoClient with metadata {"driver": {"name": "mongo-java-driver|sync|spring-boot", "version": "5.5.1"}, "os": {"type": "Windows", "name": "Windows 11", "architecture": "amd64", "version": "10.0"}, "platform": "Java/Oracle Corporation/24.0.2+11-jvmci-b01"} created with settings MongoClientSettings{readPreference=primary, writeConcern=WriteConcern{w=null, wTimeout=null ms, journal=null}, retryWrites=true, retryReads=true, readConcern=ReadConcern{level=null}, credential=null, transportSettings=null, commandListeners=[], codecRegistry=ProvidersCodecRegistry{codecProviders=[ValueCodecProvider{}, BsonValueCodecProvider{}, DBRefCodecProvider{}, DBObjectCodecProvider{}, DocumentCodecProvider{}, CollectionCodecProvider{}, IterableCodecProvider{}, MapCodecProvider{}, GeoJsonCodecProvider{}, GridFSFileCodecProvider{}, Jsr310CodecProvider{}, JsonObjectCodecProvider{}, BsonCodecProvider{}, EnumCodecProvider{}, com.mongodb.client.model.mql.ExpressionCodecProvider@4be12f6c, com.mongodb.Jep395RecordCodecProvider@52cb52bd, com.mongodb.KotlinCodecProvider@1d1c37d5]}, loggerSettings=LoggerSettings{maxDocumentLength=1000}, clusterSettings={hosts=[localhost:27017], srvServiceName=mongodb, mode=SINGLE, requiredClusterType=UNKNOWN, requiredReplicaSetName='null', serverSelector='null', clusterListeners='[]', serverSelectionTimeout='30000 ms', localThreshold='15 ms'}, socketSettings=SocketSettings{connectTimeoutMS=10000, readTimeoutMS=0, receiveBufferSize=0, proxySettings=ProxySettings{host=null, port=null, username=null, password=null}}, heartbeatSocketSettings=SocketSettings{connectTimeoutMS=10000, readTimeoutMS=10000, receiveBufferSize=0, proxySettings=ProxySettings{host=null, port=null, username=null, password=null}}, connectionPoolSettings=ConnectionPoolSettings{maxSize=100, minSize=0, maxWaitTimeMS=120000, maxConnectionLifeTimeMS=0, maxConnectionIdleTimeMS=0, maintenanceInitialDelayMS=0, maintenanceFrequencyMS=60000, connectionPoolListeners=[], maxConnecting=2}, serverSettings=ServerSettings{heartbeatFrequencyMS=10000, minHeartbeatFrequencyMS=500, serverMonitoringMode=AUTO, serverListeners='[]', serverMonitorListeners='[]'}, sslSettings=SslSettings{enabled=false, invalidHostNameAllowed=false, context=null}, applicationName='null', compressorList=[], uuidRepresentation=JAVA_LEGACY, serverApi=null, autoEncryptionSettings=null, dnsClient=null, inetAddressResolver=null, contextProvider=null, timeoutMS=null}
2025-09-04 02:02:42 [cluster-ClusterId{value='68b93991c1c590d3c2c17223', description='null'}-localhost:27017] INFO  org.mongodb.driver.cluster - Monitor thread successfully connected to server with description ServerDescription{address=localhost:27017, type=STANDALONE, cryptd=false, state=CONNECTED, ok=true, minWireVersion=0, maxWireVersion=25, maxDocumentSize=16777216, logicalSessionTimeoutMinutes=30, roundTripTimeNanos=88437600, minRoundTripTimeNanos=0}
2025-09-04 02:02:43 [main] INFO  o.s.c.n.e.c.DiscoveryClientOptionalArgsConfiguration - Eureka HTTP Client uses RestTemplate.
2025-09-04 02:02:43 [main] WARN  o.s.c.l.c.LoadBalancerCacheAutoConfiguration$LoadBalancerCaffeineWarnLogger - Spring Cloud LoadBalancer is currently working with the default cache. While this cache implementation is useful for development and tests, it's recommended to use Caffeine cache in production.You can switch to using Caffeine cache, by adding it and org.springframework.cache.caffeine.CaffeineCacheManager to the classpath.
2025-09-04 02:02:44 [main] INFO  o.s.c.n.eureka.InstanceInfoFactory - Setting initial instance status as: STARTING
2025-09-04 02:02:44 [main] INFO  c.netflix.discovery.DiscoveryClient - Initializing Eureka in region us-east-1
2025-09-04 02:02:44 [main] INFO  c.n.d.s.r.aws.ConfigClusterResolver - Resolving eureka endpoints via configuration
2025-09-04 02:02:44 [main] INFO  c.netflix.discovery.DiscoveryClient - Disable delta property : false
2025-09-04 02:02:44 [main] INFO  c.netflix.discovery.DiscoveryClient - Single vip registry refresh property : null
2025-09-04 02:02:44 [main] INFO  c.netflix.discovery.DiscoveryClient - Force full registry fetch : false
2025-09-04 02:02:44 [main] INFO  c.netflix.discovery.DiscoveryClient - Application is null : false
2025-09-04 02:02:44 [main] INFO  c.netflix.discovery.DiscoveryClient - Registered Applications size is zero : true
2025-09-04 02:02:44 [main] INFO  c.netflix.discovery.DiscoveryClient - Application version is -1: true
2025-09-04 02:02:44 [main] INFO  c.netflix.discovery.DiscoveryClient - Getting all instance registry info from the eureka server
2025-09-04 02:02:45 [main] INFO  c.netflix.discovery.DiscoveryClient - The response status is 200
2025-09-04 02:02:45 [main] INFO  c.netflix.discovery.DiscoveryClient - Starting heartbeat executor: renew interval is: 30
2025-09-04 02:02:45 [main] INFO  c.n.discovery.InstanceInfoReplicator - InstanceInfoReplicator onDemand update allowed rate per min is 4
2025-09-04 02:02:45 [main] INFO  c.netflix.discovery.DiscoveryClient - Discovery Client initialized at timestamp 1756969365278 with initial instances count: 0
2025-09-04 02:02:45 [main] INFO  o.s.c.n.e.s.EurekaServiceRegistry - Registering application CUSTOMER with eureka with status UP
2025-09-04 02:02:45 [main] INFO  c.netflix.discovery.DiscoveryClient - Saw local status change event StatusChangeEvent [timestamp=1756969365296, current=UP, previous=STARTING]
2025-09-04 02:02:45 [DiscoveryClient-InstanceInfoReplicator-%d] INFO  c.netflix.discovery.DiscoveryClient - DiscoveryClient_CUSTOMER/Gianmarco.mshome.net:customer:8091: registering service...
2025-09-04 02:02:45 [main] INFO  o.s.b.w.e.tomcat.TomcatWebServer - Tomcat started on port 8091 (http) with context path '/'
2025-09-04 02:02:45 [main] INFO  o.s.c.n.e.s.EurekaAutoServiceRegistration - Updating port to 8091
2025-09-04 02:02:45 [main] INFO  c.t.m.customer.CustomerApplication - Started CustomerApplication in 9.925 seconds (process running for 11.886)
2025-09-04 02:02:45 [DiscoveryClient-InstanceInfoReplicator-%d] INFO  c.netflix.discovery.DiscoveryClient - DiscoveryClient_CUSTOMER/Gianmarco.mshome.net:customer:8091 - registration status: 204
2025-09-04 02:03:15 [DiscoveryClient-CacheRefreshExecutor-%d] INFO  c.netflix.discovery.DiscoveryClient - Disable delta property : false
2025-09-04 02:03:15 [DiscoveryClient-CacheRefreshExecutor-%d] INFO  c.netflix.discovery.DiscoveryClient - Single vip registry refresh property : null
2025-09-04 02:03:15 [DiscoveryClient-CacheRefreshExecutor-%d] INFO  c.netflix.discovery.DiscoveryClient - Force full registry fetch : false
2025-09-04 02:03:15 [DiscoveryClient-CacheRefreshExecutor-%d] INFO  c.netflix.discovery.DiscoveryClient - Application is null : false
2025-09-04 02:03:15 [DiscoveryClient-CacheRefreshExecutor-%d] INFO  c.netflix.discovery.DiscoveryClient - Registered Applications size is zero : true
2025-09-04 02:03:15 [DiscoveryClient-CacheRefreshExecutor-%d] INFO  c.netflix.discovery.DiscoveryClient - Application version is -1: false
2025-09-04 02:03:15 [DiscoveryClient-CacheRefreshExecutor-%d] INFO  c.netflix.discovery.DiscoveryClient - Getting all instance registry info from the eureka server
2025-09-04 02:03:15 [DiscoveryClient-CacheRefreshExecutor-%d] INFO  c.netflix.discovery.DiscoveryClient - The response status is 200
